{"D:\\Github\\google-antigravity\\cli\\prompts.js": {"path":"D:\\Github\\google-antigravity\\cli\\prompts.js","statementMap":{"0":{"start":{"line":5,"column":16},"end":{"line":5,"column":34}},"1":{"start":{"line":6,"column":14},"end":{"line":6,"column":30}},"2":{"start":{"line":7,"column":17},"end":{"line":7,"column":43}},"3":{"start":{"line":8,"column":20},"end":{"line":8,"column":46}},"4":{"start":{"line":12,"column":2},"end":{"line":12,"column":18}},"5":{"start":{"line":13,"column":2},"end":{"line":13,"column":18}},"6":{"start":{"line":14,"column":2},"end":{"line":14,"column":48}},"7":{"start":{"line":15,"column":2},"end":{"line":15,"column":102}},"8":{"start":{"line":16,"column":2},"end":{"line":16,"column":102}},"9":{"start":{"line":17,"column":2},"end":{"line":17,"column":103}},"10":{"start":{"line":18,"column":2},"end":{"line":18,"column":102}},"11":{"start":{"line":19,"column":2},"end":{"line":19,"column":107}},"12":{"start":{"line":20,"column":2},"end":{"line":20,"column":103}},"13":{"start":{"line":21,"column":2},"end":{"line":21,"column":76}},"14":{"start":{"line":22,"column":2},"end":{"line":22,"column":66}},"15":{"start":{"line":23,"column":2},"end":{"line":23,"column":48}},"16":{"start":{"line":24,"column":2},"end":{"line":24,"column":18}},"17":{"start":{"line":27,"column":24},"end":{"line":80,"column":1}},"18":{"start":{"line":83,"column":2},"end":{"line":95,"column":3}},"19":{"start":{"line":84,"column":4},"end":{"line":94,"column":6}},"20":{"start":{"line":98,"column":2},"end":{"line":98,"column":18}},"21":{"start":{"line":100,"column":2},"end":{"line":100,"column":60}},"22":{"start":{"line":101,"column":2},"end":{"line":101,"column":92}},"23":{"start":{"line":107,"column":20},"end":{"line":179,"column":4}},"24":{"start":{"line":121,"column":33},"end":{"line":121,"column":105}},"25":{"start":{"line":124,"column":8},"end":{"line":126,"column":9}},"26":{"start":{"line":125,"column":10},"end":{"line":125,"column":102}},"27":{"start":{"line":127,"column":8},"end":{"line":127,"column":20}},"28":{"start":{"line":133,"column":33},"end":{"line":133,"column":94}},"29":{"start":{"line":134,"column":33},"end":{"line":142,"column":7}},"30":{"start":{"line":148,"column":33},"end":{"line":148,"column":116}},"31":{"start":{"line":149,"column":33},"end":{"line":165,"column":7}},"32":{"start":{"line":171,"column":33},"end":{"line":171,"column":145}},"33":{"start":{"line":172,"column":27},"end":{"line":172,"column":169}},"34":{"start":{"line":176,"column":6},"end":{"line":176,"column":56}},"35":{"start":{"line":177,"column":6},"end":{"line":177,"column":22}},"36":{"start":{"line":182,"column":2},"end":{"line":184,"column":3}},"37":{"start":{"line":183,"column":4},"end":{"line":183,"column":43}},"38":{"start":{"line":187,"column":24},"end":{"line":187,"column":49}},"39":{"start":{"line":189,"column":28},"end":{"line":197,"column":3}},"40":{"start":{"line":200,"column":19},"end":{"line":200,"column":29}},"41":{"start":{"line":201,"column":32},"end":{"line":201,"column":34}},"42":{"start":{"line":202,"column":28},"end":{"line":202,"column":30}},"43":{"start":{"line":205,"column":2},"end":{"line":220,"column":3}},"44":{"start":{"line":207,"column":6},"end":{"line":207,"column":30}},"45":{"start":{"line":208,"column":6},"end":{"line":208,"column":49}},"46":{"start":{"line":209,"column":6},"end":{"line":209,"column":57}},"47":{"start":{"line":210,"column":9},"end":{"line":220,"column":3}},"48":{"start":{"line":212,"column":6},"end":{"line":212,"column":30}},"49":{"start":{"line":213,"column":6},"end":{"line":213,"column":79}},"50":{"start":{"line":214,"column":6},"end":{"line":214,"column":98}},"51":{"start":{"line":217,"column":6},"end":{"line":217,"column":30}},"52":{"start":{"line":218,"column":6},"end":{"line":218,"column":61}},"53":{"start":{"line":219,"column":6},"end":{"line":219,"column":155}},"54":{"start":{"line":222,"column":28},"end":{"line":222,"column":105}},"55":{"start":{"line":223,"column":25},"end":{"line":223,"column":53}},"56":{"start":{"line":227,"column":29},"end":{"line":232,"column":3}},"57":{"start":{"line":234,"column":2},"end":{"line":240,"column":3}},"58":{"start":{"line":235,"column":4},"end":{"line":239,"column":7}},"59":{"start":{"line":236,"column":6},"end":{"line":238,"column":7}},"60":{"start":{"line":237,"column":8},"end":{"line":237,"column":30}},"61":{"start":{"line":243,"column":2},"end":{"line":245,"column":3}},"62":{"start":{"line":244,"column":4},"end":{"line":244,"column":40}},"63":{"start":{"line":246,"column":2},"end":{"line":248,"column":3}},"64":{"start":{"line":247,"column":4},"end":{"line":247,"column":38}},"65":{"start":{"line":249,"column":2},"end":{"line":251,"column":3}},"66":{"start":{"line":250,"column":4},"end":{"line":250,"column":33}},"67":{"start":{"line":253,"column":19},"end":{"line":259,"column":3}},"68":{"start":{"line":262,"column":2},"end":{"line":262,"column":81}},"69":{"start":{"line":266,"column":17},"end":{"line":266,"column":19}},"70":{"start":{"line":267,"column":2},"end":{"line":271,"column":5}},"71":{"start":{"line":268,"column":4},"end":{"line":270,"column":5}},"72":{"start":{"line":269,"column":6},"end":{"line":269,"column":55}},"73":{"start":{"line":272,"column":2},"end":{"line":272,"column":16}},"74":{"start":{"line":275,"column":0},"end":{"line":279,"column":2}}},"fnMap":{"0":{"name":"displayBanner","decl":{"start":{"line":11,"column":9},"end":{"line":11,"column":22}},"loc":{"start":{"line":11,"column":25},"end":{"line":25,"column":1}},"line":11},"1":{"name":"getProjectConfig","decl":{"start":{"line":82,"column":15},"end":{"line":82,"column":31}},"loc":{"start":{"line":82,"column":76},"end":{"line":263,"column":1}},"line":82},"2":{"name":"(anonymous_2)","decl":{"start":{"line":121,"column":15},"end":{"line":121,"column":16}},"loc":{"start":{"line":121,"column":33},"end":{"line":121,"column":105}},"line":121},"3":{"name":"(anonymous_3)","decl":{"start":{"line":123,"column":16},"end":{"line":123,"column":17}},"loc":{"start":{"line":123,"column":27},"end":{"line":128,"column":7}},"line":123},"4":{"name":"(anonymous_4)","decl":{"start":{"line":133,"column":15},"end":{"line":133,"column":16}},"loc":{"start":{"line":133,"column":33},"end":{"line":133,"column":94}},"line":133},"5":{"name":"(anonymous_5)","decl":{"start":{"line":134,"column":15},"end":{"line":134,"column":16}},"loc":{"start":{"line":134,"column":33},"end":{"line":142,"column":7}},"line":134},"6":{"name":"(anonymous_6)","decl":{"start":{"line":148,"column":15},"end":{"line":148,"column":16}},"loc":{"start":{"line":148,"column":33},"end":{"line":148,"column":116}},"line":148},"7":{"name":"(anonymous_7)","decl":{"start":{"line":149,"column":15},"end":{"line":149,"column":16}},"loc":{"start":{"line":149,"column":33},"end":{"line":165,"column":7}},"line":149},"8":{"name":"(anonymous_8)","decl":{"start":{"line":171,"column":15},"end":{"line":171,"column":16}},"loc":{"start":{"line":171,"column":33},"end":{"line":171,"column":145}},"line":171},"9":{"name":"(anonymous_9)","decl":{"start":{"line":172,"column":16},"end":{"line":172,"column":17}},"loc":{"start":{"line":172,"column":27},"end":{"line":172,"column":169}},"line":172},"10":{"name":"(anonymous_10)","decl":{"start":{"line":175,"column":14},"end":{"line":175,"column":15}},"loc":{"start":{"line":175,"column":20},"end":{"line":178,"column":5}},"line":175},"11":{"name":"(anonymous_11)","decl":{"start":{"line":235,"column":30},"end":{"line":235,"column":31}},"loc":{"start":{"line":235,"column":35},"end":{"line":239,"column":5}},"line":235},"12":{"name":"getSkillsForCategories","decl":{"start":{"line":265,"column":9},"end":{"line":265,"column":31}},"loc":{"start":{"line":265,"column":44},"end":{"line":273,"column":1}},"line":265},"13":{"name":"(anonymous_13)","decl":{"start":{"line":267,"column":21},"end":{"line":267,"column":22}},"loc":{"start":{"line":267,"column":33},"end":{"line":271,"column":3}},"line":267}},"branchMap":{"0":{"loc":{"start":{"line":82,"column":32},"end":{"line":82,"column":51}},"type":"default-arg","locations":[{"start":{"line":82,"column":46},"end":{"line":82,"column":51}}],"line":82},"1":{"loc":{"start":{"line":82,"column":53},"end":{"line":82,"column":74}},"type":"default-arg","locations":[{"start":{"line":82,"column":70},"end":{"line":82,"column":74}}],"line":82},"2":{"loc":{"start":{"line":83,"column":2},"end":{"line":95,"column":3}},"type":"if","locations":[{"start":{"line":83,"column":2},"end":{"line":95,"column":3}},{"start":{},"end":{}}],"line":83},"3":{"loc":{"start":{"line":85,"column":19},"end":{"line":85,"column":55}},"type":"binary-expr","locations":[{"start":{"line":85,"column":19},"end":{"line":85,"column":33}},{"start":{"line":85,"column":37},"end":{"line":85,"column":55}}],"line":85},"4":{"loc":{"start":{"line":119,"column":12},"end":{"line":119,"column":42}},"type":"cond-expr","locations":[{"start":{"line":119,"column":29},"end":{"line":119,"column":33}},{"start":{"line":119,"column":36},"end":{"line":119,"column":42}}],"line":119},"5":{"loc":{"start":{"line":121,"column":33},"end":{"line":121,"column":105}},"type":"cond-expr","locations":[{"start":{"line":121,"column":60},"end":{"line":121,"column":87}},{"start":{"line":121,"column":90},"end":{"line":121,"column":105}}],"line":121},"6":{"loc":{"start":{"line":124,"column":8},"end":{"line":126,"column":9}},"type":"if","locations":[{"start":{"line":124,"column":8},"end":{"line":126,"column":9}},{"start":{},"end":{}}],"line":124},"7":{"loc":{"start":{"line":133,"column":33},"end":{"line":133,"column":94}},"type":"cond-expr","locations":[{"start":{"line":133,"column":60},"end":{"line":133,"column":75}},{"start":{"line":133,"column":78},"end":{"line":133,"column":94}}],"line":133},"8":{"loc":{"start":{"line":134,"column":33},"end":{"line":142,"column":7}},"type":"cond-expr","locations":[{"start":{"line":134,"column":60},"end":{"line":138,"column":7}},{"start":{"line":138,"column":10},"end":{"line":142,"column":7}}],"line":134},"9":{"loc":{"start":{"line":148,"column":33},"end":{"line":148,"column":116}},"type":"cond-expr","locations":[{"start":{"line":148,"column":60},"end":{"line":148,"column":88}},{"start":{"line":148,"column":91},"end":{"line":148,"column":116}}],"line":148},"10":{"loc":{"start":{"line":149,"column":33},"end":{"line":165,"column":7}},"type":"cond-expr","locations":[{"start":{"line":149,"column":60},"end":{"line":157,"column":7}},{"start":{"line":157,"column":10},"end":{"line":165,"column":7}}],"line":149},"11":{"loc":{"start":{"line":171,"column":33},"end":{"line":171,"column":145}},"type":"cond-expr","locations":[{"start":{"line":171,"column":60},"end":{"line":171,"column":101}},{"start":{"line":171,"column":104},"end":{"line":171,"column":145}}],"line":171},"12":{"loc":{"start":{"line":172,"column":27},"end":{"line":172,"column":169}},"type":"cond-expr","locations":[{"start":{"line":172,"column":47},"end":{"line":172,"column":161}},{"start":{"line":172,"column":165},"end":{"line":172,"column":169}}],"line":172},"13":{"loc":{"start":{"line":172,"column":47},"end":{"line":172,"column":161}},"type":"cond-expr","locations":[{"start":{"line":172,"column":82},"end":{"line":172,"column":117}},{"start":{"line":172,"column":120},"end":{"line":172,"column":161}}],"line":172},"14":{"loc":{"start":{"line":182,"column":2},"end":{"line":184,"column":3}},"type":"if","locations":[{"start":{"line":182,"column":2},"end":{"line":184,"column":3}},{"start":{},"end":{}}],"line":182},"15":{"loc":{"start":{"line":205,"column":2},"end":{"line":220,"column":3}},"type":"if","locations":[{"start":{"line":205,"column":2},"end":{"line":220,"column":3}},{"start":{"line":210,"column":9},"end":{"line":220,"column":3}}],"line":205},"16":{"loc":{"start":{"line":210,"column":9},"end":{"line":220,"column":3}},"type":"if","locations":[{"start":{"line":210,"column":9},"end":{"line":220,"column":3}},{"start":{"line":215,"column":9},"end":{"line":220,"column":3}}],"line":210},"17":{"loc":{"start":{"line":222,"column":28},"end":{"line":222,"column":105}},"type":"binary-expr","locations":[{"start":{"line":222,"column":28},"end":{"line":222,"column":71}},{"start":{"line":222,"column":75},"end":{"line":222,"column":105}}],"line":222},"18":{"loc":{"start":{"line":234,"column":2},"end":{"line":240,"column":3}},"type":"if","locations":[{"start":{"line":234,"column":2},"end":{"line":240,"column":3}},{"start":{},"end":{}}],"line":234},"19":{"loc":{"start":{"line":234,"column":6},"end":{"line":234,"column":59}},"type":"binary-expr","locations":[{"start":{"line":234,"column":6},"end":{"line":234,"column":23}},{"start":{"line":234,"column":27},"end":{"line":234,"column":59}}],"line":234},"20":{"loc":{"start":{"line":236,"column":6},"end":{"line":238,"column":7}},"type":"if","locations":[{"start":{"line":236,"column":6},"end":{"line":238,"column":7}},{"start":{},"end":{}}],"line":236},"21":{"loc":{"start":{"line":243,"column":2},"end":{"line":245,"column":3}},"type":"if","locations":[{"start":{"line":243,"column":2},"end":{"line":245,"column":3}},{"start":{},"end":{}}],"line":243},"22":{"loc":{"start":{"line":243,"column":6},"end":{"line":243,"column":83}},"type":"binary-expr","locations":[{"start":{"line":243,"column":6},"end":{"line":243,"column":45}},{"start":{"line":243,"column":49},"end":{"line":243,"column":83}}],"line":243},"23":{"loc":{"start":{"line":246,"column":2},"end":{"line":248,"column":3}},"type":"if","locations":[{"start":{"line":246,"column":2},"end":{"line":248,"column":3}},{"start":{},"end":{}}],"line":246},"24":{"loc":{"start":{"line":246,"column":6},"end":{"line":246,"column":89}},"type":"binary-expr","locations":[{"start":{"line":246,"column":6},"end":{"line":246,"column":44}},{"start":{"line":246,"column":48},"end":{"line":246,"column":89}}],"line":246},"25":{"loc":{"start":{"line":249,"column":2},"end":{"line":251,"column":3}},"type":"if","locations":[{"start":{"line":249,"column":2},"end":{"line":251,"column":3}},{"start":{},"end":{}}],"line":249},"26":{"loc":{"start":{"line":249,"column":6},"end":{"line":249,"column":86}},"type":"binary-expr","locations":[{"start":{"line":249,"column":6},"end":{"line":249,"column":46}},{"start":{"line":249,"column":50},"end":{"line":249,"column":86}}],"line":249},"27":{"loc":{"start":{"line":268,"column":4},"end":{"line":270,"column":5}},"type":"if","locations":[{"start":{"line":268,"column":4},"end":{"line":270,"column":5}},{"start":{},"end":{}}],"line":268}},"s":{"0":1,"1":1,"2":1,"3":1,"4":9,"5":9,"6":9,"7":9,"8":9,"9":9,"10":9,"11":9,"12":9,"13":9,"14":9,"15":9,"16":9,"17":1,"18":10,"19":1,"20":9,"21":9,"22":9,"23":9,"24":0,"25":0,"26":0,"27":0,"28":0,"29":0,"30":0,"31":0,"32":0,"33":0,"34":0,"35":0,"36":9,"37":1,"38":9,"39":9,"40":9,"41":9,"42":9,"43":9,"44":3,"45":3,"46":3,"47":6,"48":4,"49":4,"50":4,"51":2,"52":2,"53":2,"54":9,"55":9,"56":9,"57":9,"58":9,"59":27,"60":27,"61":9,"62":2,"63":9,"64":3,"65":9,"66":3,"67":9,"68":9,"69":0,"70":0,"71":0,"72":0,"73":0,"74":1},"f":{"0":9,"1":10,"2":0,"3":0,"4":0,"5":0,"6":0,"7":0,"8":0,"9":0,"10":0,"11":27,"12":0,"13":0},"b":{"0":[8],"1":[9],"2":[1,9],"3":[1,1],"4":[1,8],"5":[0,0],"6":[0,0],"7":[0,0],"8":[0,0],"9":[0,0],"10":[0,0],"11":[0,0],"12":[0,0],"13":[0,0],"14":[1,8],"15":[3,6],"16":[4,2],"17":[9,0],"18":[9,0],"19":[9,9],"20":[27,0],"21":[2,7],"22":[9,8],"23":[3,6],"24":[9,7],"25":[3,6],"26":[9,8],"27":[0,0]},"_coverageSchema":"1a1c01bbd47fc00a2c39e90264f33305004495a9","hash":"f3883be5ff075b7744be927619b7c73dca85571d"}
}
