TN:
SF:cli\prompts.js
FN:11,displayBanner
FN:82,getProjectConfig
FN:121,(anonymous_2)
FN:123,(anonymous_3)
FN:133,(anonymous_4)
FN:134,(anonymous_5)
FN:148,(anonymous_6)
FN:149,(anonymous_7)
FN:171,(anonymous_8)
FN:172,(anonymous_9)
FN:175,(anonymous_10)
FN:235,(anonymous_11)
FN:265,getSkillsForCategories
FN:267,(anonymous_13)
FNF:14
FNH:3
FNDA:9,displayBanner
FNDA:10,getProjectConfig
FNDA:0,(anonymous_2)
FNDA:0,(anonymous_3)
FNDA:0,(anonymous_4)
FNDA:0,(anonymous_5)
FNDA:0,(anonymous_6)
FNDA:0,(anonymous_7)
FNDA:0,(anonymous_8)
FNDA:0,(anonymous_9)
FNDA:0,(anonymous_10)
FNDA:27,(anonymous_11)
FNDA:0,getSkillsForCategories
FNDA:0,(anonymous_13)
DA:5,1
DA:6,1
DA:7,1
DA:8,1
DA:12,9
DA:13,9
DA:14,9
DA:15,9
DA:16,9
DA:17,9
DA:18,9
DA:19,9
DA:20,9
DA:21,9
DA:22,9
DA:23,9
DA:24,9
DA:27,1
DA:83,10
DA:84,1
DA:98,9
DA:100,9
DA:101,9
DA:107,9
DA:121,0
DA:124,0
DA:125,0
DA:127,0
DA:133,0
DA:134,0
DA:148,0
DA:149,0
DA:171,0
DA:172,0
DA:176,0
DA:177,0
DA:182,9
DA:183,1
DA:187,9
DA:189,9
DA:200,9
DA:201,9
DA:202,9
DA:205,9
DA:207,3
DA:208,3
DA:209,3
DA:210,6
DA:212,4
DA:213,4
DA:214,4
DA:217,2
DA:218,2
DA:219,2
DA:222,9
DA:223,9
DA:227,9
DA:234,9
DA:235,9
DA:236,27
DA:237,27
DA:243,9
DA:244,2
DA:246,9
DA:247,3
DA:249,9
DA:250,3
DA:253,9
DA:262,9
DA:266,0
DA:267,0
DA:268,0
DA:269,0
DA:272,0
DA:275,1
LF:75
LH:58
BRDA:82,0,0,8
BRDA:82,1,0,9
BRDA:83,2,0,1
BRDA:83,2,1,9
BRDA:85,3,0,1
BRDA:85,3,1,1
BRDA:119,4,0,1
BRDA:119,4,1,8
BRDA:121,5,0,0
BRDA:121,5,1,0
BRDA:124,6,0,0
BRDA:124,6,1,0
BRDA:133,7,0,0
BRDA:133,7,1,0
BRDA:134,8,0,0
BRDA:134,8,1,0
BRDA:148,9,0,0
BRDA:148,9,1,0
BRDA:149,10,0,0
BRDA:149,10,1,0
BRDA:171,11,0,0
BRDA:171,11,1,0
BRDA:172,12,0,0
BRDA:172,12,1,0
BRDA:172,13,0,0
BRDA:172,13,1,0
BRDA:182,14,0,1
BRDA:182,14,1,8
BRDA:205,15,0,3
BRDA:205,15,1,6
BRDA:210,16,0,4
BRDA:210,16,1,2
BRDA:222,17,0,9
BRDA:222,17,1,0
BRDA:234,18,0,9
BRDA:234,18,1,0
BRDA:234,19,0,9
BRDA:234,19,1,9
BRDA:236,20,0,27
BRDA:236,20,1,0
BRDA:243,21,0,2
BRDA:243,21,1,7
BRDA:243,22,0,9
BRDA:243,22,1,8
BRDA:246,23,0,3
BRDA:246,23,1,6
BRDA:246,24,0,9
BRDA:246,24,1,7
BRDA:249,25,0,3
BRDA:249,25,1,6
BRDA:249,26,0,9
BRDA:249,26,1,8
BRDA:268,27,0,0
BRDA:268,27,1,0
BRF:54
BRH:31
end_of_record
